# JRE version: OpenJDK Runtime Environment (21.0.5) (build 21.0.5+-12932927-b750.29)
# Java VM: OpenJDK 64-Bit Server VM (21.0.5+-12932927-b750.29, mixed mode, tiered, compressed oops, compressed class ptrs, g1 gc, windows-amd64)
GC Precious Log:
 CardTable entry size: 512
 Card Set container configuration: InlinePtr #cards 5 size 8 Array Of Cards #cards 12 size 40 Howl #buckets 4 coarsen threshold 1843 Howl Bitmap #cards 512 size 80 coarsen threshold 460 Card regions per heap region 1 cards per card region 2048
 CPUs: 16 total, 16 available
 Memory: 23981M
 Large Page Support: Disabled
 NUMA Support: Disabled
 Compressed Oops: Enabled (32-bit)
 Heap Region Size: 1M
 Heap Min Capacity: 8M
 Heap Initial Capacity: 376M
 Heap Max Capacity: 2G
 Pre-touch: Disabled
 Parallel Workers: 13
 Concurrent Workers: 3
 Concurrent Refinement Workers: 13
 Periodic GC: Disabled
Heap:
 garbage-first heap   total 140288K, used 67156K [0x0000000080000000, 0x0000000100000000)
  region size 1024K, 28 young (28672K), 2 survivors (2048K)
 Metaspace       used 63782K, committed 65344K, reserved 1114112K
  class space    used 8556K, committed 9344K, reserved 1048576K
GC Heap History (20 events):
Event: 0.532 GC heap before
{Heap before GC invocations=0 (full 0):
 garbage-first heap   total 385024K, used 22528K [0x0000000080000000, 0x0000000100000000)
  region size 1024K, 23 young (23552K), 0 survivors (0K)
 Metaspace       used 7987K, committed 8128K, reserved 1114112K
  class space    used 709K, committed 768K, reserved 1048576K
}
Event: 0.535 GC heap after
{Heap after GC invocations=1 (full 0):
 garbage-first heap   total 385024K, used 2417K [0x0000000080000000, 0x0000000100000000)
  region size 1024K, 3 young (3072K), 3 survivors (3072K)
 Metaspace       used 7987K, committed 8128K, reserved 1114112K
  class space    used 709K, committed 768K, reserved 1048576K
}
Event: 1.059 GC heap before
{Heap before GC invocations=1 (full 0):
 garbage-first heap   total 385024K, used 41329K [0x0000000080000000, 0x0000000100000000)
  region size 1024K, 39 young (39936K), 3 survivors (3072K)
 Metaspace       used 12244K, committed 12480K, reserved 1114112K
  class space    used 1276K, committed 1408K, reserved 1048576K
}
Event: 1.062 GC heap after
{Heap after GC invocations=2 (full 0):
 garbage-first heap   total 385024K, used 10683K [0x0000000080000000, 0x0000000100000000)
  region size 1024K, 5 young (5120K), 5 survivors (5120K)
 Metaspace       used 12244K, committed 12480K, reserved 1114112K
  class space    used 1276K, committed 1408K, reserved 1048576K
}
Event: 1.444 GC heap before
{Heap before GC invocations=2 (full 0):
 garbage-first heap   total 385024K, used 61883K [0x0000000080000000, 0x0000000100000000)
  region size 1024K, 54 young (55296K), 5 survivors (5120K)
 Metaspace       used 14963K, committed 15168K, reserved 1114112K
  class space    used 1617K, committed 1728K, reserved 1048576K
}
Event: 1.448 GC heap after
{Heap after GC invocations=3 (full 0):
 garbage-first heap   total 385024K, used 17385K [0x0000000080000000, 0x0000000100000000)
  region size 1024K, 7 young (7168K), 7 survivors (7168K)
 Metaspace       used 14963K, committed 15168K, reserved 1114112K
  class space    used 1617K, committed 1728K, reserved 1048576K
}
Event: 1.817 GC heap before
{Heap before GC invocations=3 (full 0):
 garbage-first heap   total 385024K, used 41961K [0x0000000080000000, 0x0000000100000000)
  region size 1024K, 32 young (32768K), 7 survivors (7168K)
 Metaspace       used 21260K, committed 21504K, reserved 1114112K
  class space    used 2451K, committed 2560K, reserved 1048576K
}
Event: 1.820 GC heap after
{Heap after GC invocations=4 (full 0):
 garbage-first heap   total 385024K, used 19339K [0x0000000080000000, 0x0000000100000000)
  region size 1024K, 9 young (9216K), 9 survivors (9216K)
 Metaspace       used 21260K, committed 21504K, reserved 1114112K
  class space    used 2451K, committed 2560K, reserved 1048576K
}
Event: 2.431 GC heap before
{Heap before GC invocations=5 (full 0):
 garbage-first heap   total 65536K, used 64395K [0x0000000080000000, 0x0000000100000000)
  region size 1024K, 54 young (55296K), 9 survivors (9216K)
 Metaspace       used 28376K, committed 28992K, reserved 1114112K
  class space    used 3605K, committed 3904K, reserved 1048576K
}
Event: 2.437 GC heap after
{Heap after GC invocations=6 (full 0):
 garbage-first heap   total 77824K, used 22158K [0x0000000080000000, 0x0000000100000000)
  region size 1024K, 12 young (12288K), 12 survivors (12288K)
 Metaspace       used 28376K, committed 28992K, reserved 1114112K
  class space    used 3605K, committed 3904K, reserved 1048576K
}
Event: 2.853 GC heap before
{Heap before GC invocations=6 (full 0):
 garbage-first heap   total 77824K, used 54926K [0x0000000080000000, 0x0000000100000000)
  region size 1024K, 45 young (46080K), 12 survivors (12288K)
 Metaspace       used 32523K, committed 33280K, reserved 1114112K
  class space    used 4297K, committed 4672K, reserved 1048576K
}
Event: 2.857 GC heap after
{Heap after GC invocations=7 (full 0):
 garbage-first heap   total 77824K, used 25040K [0x0000000080000000, 0x0000000100000000)
  region size 1024K, 6 young (6144K), 6 survivors (6144K)
 Metaspace       used 32523K, committed 33280K, reserved 1114112K
  class space    used 4297K, committed 4672K, reserved 1048576K
}
Event: 7.764 GC heap before
{Heap before GC invocations=7 (full 0):
 garbage-first heap   total 77824K, used 44496K [0x0000000080000000, 0x0000000100000000)
  region size 1024K, 26 young (26624K), 6 survivors (6144K)
 Metaspace       used 35303K, committed 36096K, reserved 1114112K
  class space    used 4747K, committed 5120K, reserved 1048576K
}
Event: 7.769 GC heap after
{Heap after GC invocations=8 (full 0):
 garbage-first heap   total 77824K, used 25364K [0x0000000080000000, 0x0000000100000000)
  region size 1024K, 4 young (4096K), 4 survivors (4096K)
 Metaspace       used 35303K, committed 36096K, reserved 1114112K
  class space    used 4747K, committed 5120K, reserved 1048576K
}
Event: 8.224 GC heap before
{Heap before GC invocations=9 (full 0):
 garbage-first heap   total 77824K, used 65300K [0x0000000080000000, 0x0000000100000000)
  region size 1024K, 43 young (44032K), 4 survivors (4096K)
 Metaspace       used 41085K, committed 42304K, reserved 1114112K
  class space    used 5607K, committed 6208K, reserved 1048576K
}
Event: 8.228 GC heap after
{Heap after GC invocations=10 (full 0):
 garbage-first heap   total 231424K, used 28141K [0x0000000080000000, 0x0000000100000000)
  region size 1024K, 6 young (6144K), 6 survivors (6144K)
 Metaspace       used 41085K, committed 42304K, reserved 1114112K
  class space    used 5607K, committed 6208K, reserved 1048576K
}
Event: 9.918 GC heap before
{Heap before GC invocations=10 (full 0):
 garbage-first heap   total 231424K, used 164333K [0x0000000080000000, 0x0000000100000000)
  region size 1024K, 135 young (138240K), 6 survivors (6144K)
 Metaspace       used 57767K, committed 59264K, reserved 1114112K
  class space    used 7866K, committed 8576K, reserved 1048576K
}
Event: 9.927 GC heap after
{Heap after GC invocations=11 (full 0):
 garbage-first heap   total 231424K, used 39543K [0x0000000080000000, 0x0000000100000000)
  region size 1024K, 17 young (17408K), 17 survivors (17408K)
 Metaspace       used 57767K, committed 59264K, reserved 1114112K
  class space    used 7866K, committed 8576K, reserved 1048576K
}
Event: 10.005 GC heap before
{Heap before GC invocations=11 (full 0):
 garbage-first heap   total 231424K, used 47735K [0x0000000080000000, 0x0000000100000000)
  region size 1024K, 25 young (25600K), 17 survivors (17408K)
 Metaspace       used 58795K, committed 60288K, reserved 1114112K
  class space    used 7971K, committed 8704K, reserved 1048576K
}
Event: 10.012 GC heap after
{Heap after GC invocations=12 (full 0):
 garbage-first heap   total 231424K, used 41556K [0x0000000080000000, 0x0000000100000000)
  region size 1024K, 2 young (2048K), 2 survivors (2048K)
 Metaspace       used 58795K, committed 60288K, reserved 1114112K
  class space    used 7971K, committed 8704K, reserved 1048576K
}

